TN:
SF:src\domains\courseDetails.ts
FN:19,createCourse
FN:7,Object.<anonymous>.__decorate.primary
FN:7,Object.<anonymous>.__decorate.primary
FN:10,Object.<anonymous>.__decorate.primary
FN:10,Object.<anonymous>.__decorate.primary
FNF:5
FNH:1
FNDA:5,createCourse
FNDA:0,Object.<anonymous>.__decorate.primary
FNDA:0,Object.<anonymous>.__decorate.primary
FNDA:0,Object.<anonymous>.__decorate.primary
FNDA:0,Object.<anonymous>.__decorate.primary
DA:1,1
DA:2,1
DA:3,1
DA:4,1
DA:5,1
DA:6,1
DA:7,1
DA:8,1
DA:9,1
DA:10,1
DA:11,1
DA:12,1
DA:13,1
DA:14,1
DA:15,1
DA:16,1
DA:17,1
DA:18,1
DA:19,1
DA:20,5
DA:21,5
DA:22,5
DA:23,5
DA:24,5
DA:25,5
DA:26,5
DA:27,1
LF:27
LH:27
BRDA:19,0,0,5
BRF:1
BRH:1
end_of_record
TN:
SF:src\domains\instructors.ts
FN:26,createInstructor
FNF:1
FNH:1
FNDA:15,createInstructor
DA:1,1
DA:2,1
DA:3,1
DA:4,1
DA:5,1
DA:6,1
DA:7,1
DA:8,1
DA:9,1
DA:10,1
DA:11,1
DA:12,1
DA:13,1
DA:14,1
DA:15,1
DA:16,1
DA:17,1
DA:18,1
DA:19,1
DA:20,1
DA:21,1
DA:22,1
DA:23,1
DA:24,1
DA:25,1
DA:26,1
DA:27,15
DA:28,15
DA:29,15
DA:30,15
DA:31,15
DA:32,15
DA:33,15
DA:34,15
DA:35,15
DA:36,15
DA:37,15
DA:38,15
DA:39,15
DA:40,1
LF:40
LH:40
BRDA:26,0,0,15
BRDA:33,1,0,0
BRDA:34,2,0,6
BRDA:34,3,0,9
BRDA:35,4,0,6
BRDA:35,5,0,9
BRDA:36,6,0,5
BRDA:36,7,0,10
BRF:8
BRH:7
end_of_record
TN:
SF:src\domains\lectures.ts
FN:68,createLecture
FNF:1
FNH:1
FNDA:35,createLecture
DA:1,1
DA:2,1
DA:3,1
DA:4,1
DA:5,1
DA:6,1
DA:7,1
DA:8,1
DA:9,1
DA:10,1
DA:11,1
DA:12,1
DA:13,1
DA:14,1
DA:15,1
DA:16,1
DA:17,1
DA:18,1
DA:19,1
DA:20,1
DA:21,1
DA:22,1
DA:23,1
DA:24,1
DA:25,1
DA:26,1
DA:27,1
DA:28,1
DA:29,1
DA:30,1
DA:31,1
DA:32,1
DA:33,1
DA:34,1
DA:35,1
DA:36,1
DA:37,1
DA:38,1
DA:39,1
DA:40,1
DA:41,1
DA:42,1
DA:43,1
DA:44,1
DA:45,1
DA:46,1
DA:47,1
DA:48,1
DA:49,1
DA:50,1
DA:51,1
DA:52,1
DA:53,1
DA:54,1
DA:55,1
DA:56,1
DA:57,1
DA:58,1
DA:59,1
DA:60,1
DA:61,1
DA:62,1
DA:63,1
DA:64,1
DA:65,1
DA:66,1
DA:67,1
DA:68,1
DA:69,35
DA:70,35
DA:71,35
DA:72,35
DA:73,35
DA:74,35
DA:75,35
DA:76,35
DA:77,35
DA:78,35
DA:79,35
DA:80,35
DA:81,35
DA:82,35
DA:83,35
DA:84,35
DA:85,35
DA:86,35
DA:87,35
DA:88,35
DA:89,35
DA:90,35
DA:91,35
DA:92,35
DA:93,35
DA:94,35
DA:95,1
LF:95
LH:95
BRDA:68,0,0,35
BRDA:82,1,0,29
BRDA:82,2,0,6
BRDA:83,3,0,24
BRDA:83,4,0,11
BRDA:84,5,0,21
BRDA:84,6,0,14
BRDA:85,7,0,24
BRDA:85,8,0,11
BRDA:86,9,0,21
BRDA:86,10,0,14
BRDA:87,11,0,21
BRDA:87,12,0,14
BRDA:88,13,0,21
BRDA:88,14,0,14
BRDA:89,15,0,9
BRDA:89,16,0,26
BRDA:90,17,0,24
BRDA:90,18,0,11
BRDA:91,19,0,0
BRDA:92,20,0,0
BRF:21
BRH:19
end_of_record
TN:
SF:src\domains\students.ts
FN:33,createStudent
FNF:1
FNH:1
FNDA:17,createStudent
DA:1,1
DA:2,1
DA:3,1
DA:4,1
DA:5,1
DA:6,1
DA:7,1
DA:8,1
DA:9,1
DA:10,1
DA:11,1
DA:12,1
DA:13,1
DA:14,1
DA:15,1
DA:16,1
DA:17,1
DA:18,1
DA:19,1
DA:20,1
DA:21,1
DA:22,1
DA:23,1
DA:24,1
DA:25,1
DA:26,1
DA:27,1
DA:28,1
DA:29,1
DA:30,1
DA:31,1
DA:32,1
DA:33,1
DA:34,17
DA:35,17
DA:36,17
DA:37,17
DA:38,17
DA:39,17
DA:40,17
DA:41,17
DA:42,1
LF:42
LH:42
BRDA:33,0,0,17
BRDA:35,1,0,0
BRDA:36,2,0,12
BRDA:36,3,0,5
BRDA:37,4,0,12
BRDA:37,5,0,5
BRDA:38,6,0,12
BRDA:38,7,0,5
BRF:8
BRH:7
end_of_record
TN:
SF:src\dto\lectureRequest.ts
FN:8,getOffset
FN:12,getLimit
FN:16,getCategory
FN:20,getSearchWord
FN:24,getSortCondition
FN:28,create
FNF:6
FNH:2
FNDA:0,getOffset
FNDA:0,getLimit
FNDA:1,getCategory
FNDA:0,getSearchWord
FNDA:0,getSortCondition
FNDA:1,create
DA:1,1
DA:2,1
DA:3,1
DA:4,1
DA:5,1
DA:6,1
DA:7,1
DA:8,1
DA:9,0
DA:10,0
DA:11,1
DA:12,1
DA:13,0
DA:14,0
DA:15,1
DA:16,1
DA:17,1
DA:18,1
DA:19,1
DA:20,1
DA:21,0
DA:22,0
DA:23,1
DA:24,1
DA:25,0
DA:26,0
DA:27,1
DA:28,1
DA:29,1
DA:30,1
DA:31,1
DA:32,1
DA:33,1
DA:34,1
DA:35,1
DA:36,1
DA:37,1
DA:38,1
DA:39,1
DA:40,1
DA:41,1
DA:42,1
DA:43,1
LF:43
LH:35
BRDA:16,0,0,1
BRDA:28,1,0,1
BRF:2
BRH:2
end_of_record
TN:
SF:src\repositories\courseDetailsRepository.ts
FN:6,CourseDetailsRepository
FN:10,saveByCourse
FN:23,findById
FNF:3
FNH:1
FNDA:10,CourseDetailsRepository
FNDA:0,saveByCourse
FNDA:0,findById
DA:1,1
DA:2,1
DA:3,1
DA:4,1
DA:5,1
DA:6,1
DA:7,10
DA:8,10
DA:9,1
DA:10,1
DA:11,0
DA:12,0
DA:13,0
DA:14,0
DA:15,0
DA:16,0
DA:17,0
DA:18,0
DA:19,0
DA:20,0
DA:21,0
DA:22,1
DA:23,1
DA:24,0
DA:25,0
DA:26,0
DA:27,0
DA:28,0
DA:29,0
DA:30,1
LF:30
LH:13
BRDA:6,0,0,10
BRF:1
BRH:1
end_of_record
TN:
SF:src\repositories\instructorsRepository.ts
FN:6,findById
FN:12,findByIdAndJoin
FNF:2
FNH:0
FNDA:0,findById
FNDA:0,findByIdAndJoin
DA:1,1
DA:2,1
DA:3,1
DA:4,1
DA:5,1
DA:6,1
DA:7,0
DA:8,0
DA:9,0
DA:10,0
DA:11,1
DA:12,1
DA:13,0
DA:14,0
DA:15,0
DA:16,0
DA:17,0
DA:18,1
LF:18
LH:9
BRF:0
BRH:0
end_of_record
TN:
SF:src\repositories\lecturesRepository.ts
FN:7,LecturesRepository
FN:11,findById
FN:17,findByName
FN:23,findConditionSearch
FN:50,findDetailSearch
FN:61,saveLectures
FN:85,updateLecture
FN:107,deleteLecture
FNF:8
FNH:1
FNDA:24,LecturesRepository
FNDA:0,findById
FNDA:0,findByName
FNDA:0,findConditionSearch
FNDA:0,findDetailSearch
FNDA:0,saveLectures
FNDA:0,updateLecture
FNDA:0,deleteLecture
DA:1,1
DA:2,1
DA:3,1
DA:4,1
DA:5,1
DA:6,1
DA:7,1
DA:8,24
DA:9,24
DA:10,1
DA:11,1
DA:12,0
DA:13,0
DA:14,0
DA:15,0
DA:16,1
DA:17,1
DA:18,0
DA:19,0
DA:20,0
DA:21,0
DA:22,1
DA:23,1
DA:24,0
DA:25,0
DA:26,0
DA:27,0
DA:28,0
DA:29,0
DA:30,0
DA:31,0
DA:32,0
DA:33,0
DA:34,0
DA:35,0
DA:36,0
DA:37,0
DA:38,0
DA:39,0
DA:40,0
DA:41,0
DA:42,0
DA:43,0
DA:44,0
DA:45,0
DA:46,0
DA:47,0
DA:48,0
DA:49,1
DA:50,1
DA:51,0
DA:52,0
DA:53,0
DA:54,0
DA:55,0
DA:56,0
DA:57,0
DA:58,0
DA:59,0
DA:60,1
DA:61,1
DA:62,0
DA:63,0
DA:64,0
DA:65,0
DA:66,0
DA:67,0
DA:68,0
DA:69,0
DA:70,0
DA:71,0
DA:72,0
DA:73,0
DA:74,0
DA:75,0
DA:76,0
DA:77,0
DA:78,0
DA:79,0
DA:80,0
DA:81,0
DA:82,0
DA:83,0
DA:84,1
DA:85,1
DA:86,0
DA:87,0
DA:88,0
DA:89,0
DA:90,0
DA:91,0
DA:92,0
DA:93,0
DA:94,0
DA:95,0
DA:96,0
DA:97,0
DA:98,0
DA:99,0
DA:100,0
DA:101,0
DA:102,0
DA:103,0
DA:104,0
DA:105,0
DA:106,1
DA:107,1
DA:108,0
DA:109,0
DA:110,0
DA:111,0
DA:112,0
DA:113,0
DA:114,0
DA:115,0
DA:116,0
DA:117,0
DA:118,0
DA:119,0
DA:120,0
DA:121,0
DA:122,0
DA:123,0
DA:124,0
DA:125,0
DA:126,1
LF:126
LH:24
BRDA:7,0,0,24
BRF:1
BRH:1
end_of_record
TN:
SF:src\repositories\studentsRepository.ts
FN:6,StudentsRepository
FN:10,saveByStudent
FN:28,findById
FN:36,findByEmail
FN:44,deleteById
FNF:5
FNH:1
FNDA:10,StudentsRepository
FNDA:0,saveByStudent
FNDA:0,findById
FNDA:0,findByEmail
FNDA:0,deleteById
DA:1,1
DA:2,1
DA:3,1
DA:4,1
DA:5,1
DA:6,1
DA:7,10
DA:8,10
DA:9,1
DA:10,1
DA:11,0
DA:12,0
DA:13,0
DA:14,0
DA:15,0
DA:16,0
DA:17,0
DA:18,0
DA:19,0
DA:20,0
DA:21,0
DA:22,0
DA:23,0
DA:24,0
DA:25,0
DA:26,0
DA:27,1
DA:28,1
DA:29,0
DA:30,0
DA:31,0
DA:32,0
DA:33,0
DA:34,0
DA:35,1
DA:36,1
DA:37,0
DA:38,0
DA:39,0
DA:40,0
DA:41,0
DA:42,0
DA:43,1
DA:44,1
DA:45,0
DA:46,0
DA:47,0
DA:48,0
DA:49,0
DA:50,0
DA:51,0
DA:52,0
DA:53,0
DA:54,0
DA:55,0
DA:56,0
DA:57,0
DA:58,1
LF:58
LH:17
BRDA:6,0,0,10
BRF:1
BRH:1
end_of_record
TN:
SF:src\services\lectureService.ts
FN:11,LectureService
FN:20,searchCondition
FN:28,searchDetail
FN:46,create
FN:67,update
FN:85,delete
FNF:6
FNH:6
FNDA:14,LectureService
FNDA:1,searchCondition
FNDA:3,searchDetail
FNDA:2,create
FNDA:3,update
FNDA:4,delete
DA:1,1
DA:2,1
DA:3,1
DA:4,1
DA:5,1
DA:6,1
DA:7,1
DA:8,1
DA:9,1
DA:10,1
DA:11,1
DA:12,14
DA:13,14
DA:14,14
DA:15,1
DA:16,1
DA:17,1
DA:18,1
DA:19,1
DA:20,1
DA:21,1
DA:22,1
DA:23,1
DA:24,1
DA:25,1
DA:26,1
DA:27,1
DA:28,1
DA:29,3
DA:30,3
DA:31,1
DA:32,1
DA:33,2
DA:34,2
DA:35,3
DA:36,1
DA:37,1
DA:38,1
DA:39,1
DA:40,1
DA:41,1
DA:42,1
DA:43,1
DA:44,1
DA:45,1
DA:46,1
DA:47,2
DA:48,2
DA:49,1
DA:50,1
DA:51,1
DA:52,1
DA:53,2
DA:54,3
DA:55,3
DA:56,2
DA:57,2
DA:58,3
DA:59,2
DA:60,2
DA:61,2
DA:62,1
DA:63,1
DA:64,1
DA:65,1
DA:66,1
DA:67,1
DA:68,3
DA:69,3
DA:70,1
DA:71,1
DA:72,2
DA:73,3
DA:74,3
DA:75,3
DA:76,3
DA:77,3
DA:78,3
DA:79,3
DA:80,1
DA:81,1
DA:82,1
DA:83,1
DA:84,1
DA:85,1
DA:86,4
DA:87,4
DA:88,1
DA:89,1
DA:90,3
DA:91,4
DA:92,4
DA:93,1
DA:94,4
DA:95,1
DA:96,1
DA:97,4
DA:98,4
DA:99,4
DA:100,1
LF:100
LH:100
BRDA:11,0,0,14
BRDA:20,1,0,1
BRDA:28,2,0,3
BRDA:30,3,0,1
BRDA:33,4,0,2
BRDA:35,5,0,1
BRDA:46,6,0,2
BRDA:48,7,0,1
BRDA:53,8,0,3
BRDA:55,9,0,2
BRDA:67,10,0,3
BRDA:69,11,0,1
BRDA:72,12,0,2
BRDA:73,13,0,0
BRDA:73,14,0,2
BRDA:73,15,0,2
BRDA:73,16,0,0
BRDA:73,17,0,2
BRDA:74,18,0,2
BRDA:74,19,0,0
BRDA:74,20,0,2
BRDA:73,21,0,2
BRDA:85,22,0,4
BRDA:87,23,0,1
BRDA:90,24,0,3
BRDA:91,25,0,0
BRDA:91,26,0,3
BRDA:91,27,0,3
BRDA:91,28,0,0
BRDA:91,29,0,3
BRDA:92,30,0,3
BRDA:92,31,0,0
BRDA:92,32,0,3
BRDA:92,33,0,1
BRDA:94,34,0,2
BRDA:94,35,0,0
BRDA:94,36,0,1
BRDA:91,37,0,3
BRDA:94,38,0,2
BRF:39
BRH:32
end_of_record
TN:
SF:src\services\studentService.ts
FN:10,StudentService
FN:20,studentRegistration
FN:34,studentWithdrawal
FN:48,lectureRegistration
FN:75,checkEmailStudent
FN:79,checkIdStudent
FN:83,checkIdLecture
FNF:7
FNH:7
FNDA:10,StudentService
FNDA:2,studentRegistration
FNDA:2,studentWithdrawal
FNDA:5,lectureRegistration
FNDA:4,checkEmailStudent
FNDA:5,checkIdStudent
FNDA:5,checkIdLecture
DA:1,1
DA:2,1
DA:3,1
DA:4,1
DA:5,1
DA:6,1
DA:7,1
DA:8,1
DA:9,1
DA:10,1
DA:11,10
DA:12,10
DA:13,10
DA:14,10
DA:15,1
DA:16,1
DA:17,1
DA:18,1
DA:19,1
DA:20,1
DA:21,2
DA:22,2
DA:23,2
DA:24,1
DA:25,1
DA:26,1
DA:27,1
DA:28,2
DA:29,1
DA:30,1
DA:31,1
DA:32,1
DA:33,1
DA:34,1
DA:35,2
DA:36,2
DA:37,2
DA:38,1
DA:39,1
DA:40,1
DA:41,1
DA:42,2
DA:43,1
DA:44,1
DA:45,1
DA:46,1
DA:47,1
DA:48,1
DA:49,5
DA:50,5
DA:51,5
DA:52,5
DA:53,1
DA:54,1
DA:55,4
DA:56,5
DA:57,1
DA:58,1
DA:59,5
DA:60,5
DA:61,5
DA:62,1
DA:63,1
DA:64,2
DA:65,2
DA:66,2
DA:67,2
DA:68,5
DA:69,1
DA:70,1
DA:71,1
DA:72,1
DA:73,1
DA:74,1
DA:75,1
DA:76,4
DA:77,4
DA:78,1
DA:79,1
DA:80,5
DA:81,5
DA:82,1
DA:83,1
DA:84,5
DA:85,5
DA:86,1
LF:86
LH:86
BRDA:10,0,0,10
BRDA:20,1,0,2
BRDA:23,2,0,1
BRDA:34,3,0,2
BRDA:37,4,0,1
BRDA:48,5,0,5
BRDA:52,6,0,1
BRDA:55,7,0,4
BRDA:56,8,0,1
BRDA:61,9,0,1
BRDA:64,10,0,2
BRDA:68,11,0,1
BRDA:75,12,0,4
BRDA:79,13,0,5
BRDA:83,14,0,5
BRF:15
BRH:15
end_of_record
TN:
SF:test\stubCourseDetailsRepository.ts
FN:5,StubCourseDetailsRepository
FN:9,saveByCourse
FN:13,findById
FNF:3
FNH:3
FNDA:10,StubCourseDetailsRepository
FNDA:1,saveByCourse
FNDA:2,findById
DA:1,1
DA:2,1
DA:3,1
DA:4,1
DA:5,1
DA:6,10
DA:7,10
DA:8,1
DA:9,1
DA:10,1
DA:11,1
DA:12,1
DA:13,1
DA:14,2
DA:15,1
DA:16,1
DA:17,1
DA:18,1
DA:19,2
DA:20,1
LF:20
LH:20
BRDA:5,0,0,10
BRDA:9,1,0,1
BRDA:13,2,0,2
BRDA:14,3,0,1
BRDA:14,4,0,1
BRF:5
BRH:5
end_of_record
TN:
SF:test\stubInstructorRepository.ts
FN:6,StubInstructorRepository
FN:10,findByIdAndJoin
FN:48,findById
FNF:3
FNH:3
FNDA:14,StubInstructorRepository
FNDA:7,findByIdAndJoin
FNDA:2,findById
DA:1,1
DA:2,1
DA:3,1
DA:4,1
DA:5,1
DA:6,1
DA:7,14
DA:8,14
DA:9,1
DA:10,1
DA:11,7
DA:12,2
DA:13,2
DA:14,2
DA:15,2
DA:16,7
DA:17,2
DA:18,2
DA:19,2
DA:20,2
DA:21,2
DA:22,2
DA:23,2
DA:24,2
DA:25,2
DA:26,2
DA:27,2
DA:28,2
DA:29,5
DA:30,1
DA:31,1
DA:32,1
DA:33,1
DA:34,1
DA:35,1
DA:36,1
DA:37,1
DA:38,1
DA:39,1
DA:40,1
DA:41,1
DA:42,1
DA:43,3
DA:44,3
DA:45,3
DA:46,7
DA:47,1
DA:48,1
DA:49,2
DA:50,1
DA:51,1
DA:52,1
DA:53,1
DA:54,2
DA:55,1
LF:55
LH:55
BRDA:6,0,0,14
BRDA:10,1,0,7
BRDA:11,2,0,2
BRDA:16,3,0,5
BRDA:16,4,0,2
BRDA:29,5,0,3
BRDA:29,6,0,1
BRDA:48,7,0,2
BRDA:49,8,0,1
BRF:9
BRH:9
end_of_record
TN:
SF:test\stubLecturesRepository.ts
FN:10,StubLecturesRepository
FN:14,findById
FN:26,findByName
FN:34,findConditionSearch
FN:52,findDetailSearch
FN:64,saveLectures
FN:71,updateLecture
FN:80,deleteLecture
FNF:8
FNH:8
FNDA:24,StubLecturesRepository
FNDA:8,findById
FNDA:3,findByName
FNDA:1,findConditionSearch
FNDA:2,findDetailSearch
FNDA:1,saveLectures
FNDA:1,updateLecture
FNDA:1,deleteLecture
DA:1,1
DA:2,1
DA:3,1
DA:4,1
DA:5,1
DA:6,1
DA:7,1
DA:8,1
DA:9,1
DA:10,1
DA:11,24
DA:12,24
DA:13,1
DA:14,1
DA:15,8
DA:16,2
DA:17,8
DA:18,2
DA:19,6
DA:20,2
DA:21,2
DA:22,2
DA:23,2
DA:24,8
DA:25,1
DA:26,1
DA:27,3
DA:28,1
DA:29,3
DA:30,2
DA:31,2
DA:32,3
DA:33,1
DA:34,1
DA:35,1
DA:36,1
DA:37,1
DA:38,1
DA:39,1
DA:40,1
DA:41,1
DA:42,1
DA:43,1
DA:44,1
DA:45,1
DA:46,1
DA:47,1
DA:48,0
DA:49,0
DA:50,1
DA:51,1
DA:52,1
DA:53,2
DA:54,2
DA:55,2
DA:56,2
DA:57,2
DA:58,1
DA:59,1
DA:60,1
DA:61,1
DA:62,2
DA:63,1
DA:64,1
DA:65,1
DA:66,1
DA:67,1
DA:68,1
DA:69,1
DA:70,1
DA:71,1
DA:72,1
DA:73,1
DA:74,1
DA:75,1
DA:76,1
DA:77,1
DA:78,1
DA:79,1
DA:80,1
DA:81,1
DA:82,1
DA:83,1
DA:84,1
DA:85,1
DA:86,1
DA:87,1
DA:88,1
DA:89,1
DA:90,1
DA:91,1
LF:91
LH:89
BRDA:10,0,0,24
BRDA:14,1,0,8
BRDA:15,2,0,2
BRDA:17,3,0,6
BRDA:17,4,0,2
BRDA:19,5,0,4
BRDA:19,6,0,2
BRDA:26,7,0,3
BRDA:27,8,0,1
BRDA:29,9,0,2
BRDA:34,10,0,1
BRDA:47,11,0,0
BRDA:52,12,0,2
BRDA:57,13,0,1
BRDA:64,14,0,1
BRDA:71,15,0,1
BRDA:80,16,0,1
BRF:17
BRH:16
end_of_record
TN:
SF:test\stubStudentsRepository.ts
FN:5,StubStudentsRepository
FN:9,saveByStudent
FN:13,findById
FN:21,findByEmail
FN:29,deleteById
FNF:5
FNH:5
FNDA:10,StubStudentsRepository
FNDA:1,saveByStudent
FNDA:5,findById
FNDA:4,findByEmail
FNDA:1,deleteById
DA:1,1
DA:2,1
DA:3,1
DA:4,1
DA:5,1
DA:6,10
DA:7,10
DA:8,1
DA:9,1
DA:10,1
DA:11,1
DA:12,1
DA:13,1
DA:14,5
DA:15,4
DA:16,5
DA:17,1
DA:18,1
DA:19,5
DA:20,1
DA:21,1
DA:22,4
DA:23,2
DA:24,2
DA:25,2
DA:26,2
DA:27,4
DA:28,1
DA:29,1
DA:30,1
DA:31,1
DA:32,1
LF:32
LH:32
BRDA:5,0,0,10
BRDA:9,1,0,1
BRDA:13,2,0,5
BRDA:14,3,0,4
BRDA:16,4,0,1
BRDA:21,5,0,4
BRDA:22,6,0,2
BRDA:29,7,0,1
BRF:8
BRH:8
end_of_record
