TN:
SF:src\domains\courseDetails.ts
FN:19,createCourse
FN:7,Object.<anonymous>.__decorate.primary
FN:7,Object.<anonymous>.__decorate.primary
FN:10,Object.<anonymous>.__decorate.primary
FN:10,Object.<anonymous>.__decorate.primary
FNF:5
FNH:1
FNDA:5,createCourse
FNDA:0,Object.<anonymous>.__decorate.primary
FNDA:0,Object.<anonymous>.__decorate.primary
FNDA:0,Object.<anonymous>.__decorate.primary
FNDA:0,Object.<anonymous>.__decorate.primary
DA:1,1
DA:2,1
DA:3,1
DA:4,1
DA:5,1
DA:6,1
DA:7,1
DA:8,1
DA:9,1
DA:10,1
DA:11,1
DA:12,1
DA:13,1
DA:14,1
DA:15,1
DA:16,1
DA:17,1
DA:18,1
DA:19,1
DA:20,5
DA:21,5
DA:22,5
DA:23,5
DA:24,5
DA:25,5
DA:26,5
DA:27,1
LF:27
LH:27
BRDA:19,0,0,5
BRF:1
BRH:1
end_of_record
TN:
SF:src\domains\lectures.ts
FN:68,createLecture
FNF:1
FNH:1
FNDA:9,createLecture
DA:1,1
DA:2,1
DA:3,1
DA:4,1
DA:5,1
DA:6,1
DA:7,1
DA:8,1
DA:9,1
DA:10,1
DA:11,1
DA:12,1
DA:13,1
DA:14,1
DA:15,1
DA:16,1
DA:17,1
DA:18,1
DA:19,1
DA:20,1
DA:21,1
DA:22,1
DA:23,1
DA:24,1
DA:25,1
DA:26,1
DA:27,1
DA:28,1
DA:29,1
DA:30,1
DA:31,1
DA:32,1
DA:33,1
DA:34,1
DA:35,1
DA:36,1
DA:37,1
DA:38,1
DA:39,1
DA:40,1
DA:41,1
DA:42,1
DA:43,1
DA:44,1
DA:45,1
DA:46,1
DA:47,1
DA:48,1
DA:49,1
DA:50,1
DA:51,1
DA:52,1
DA:53,1
DA:54,1
DA:55,1
DA:56,1
DA:57,1
DA:58,1
DA:59,1
DA:60,1
DA:61,1
DA:62,1
DA:63,1
DA:64,1
DA:65,1
DA:66,1
DA:67,1
DA:68,1
DA:69,9
DA:70,9
DA:71,9
DA:72,9
DA:73,9
DA:74,9
DA:75,9
DA:76,9
DA:77,9
DA:78,9
DA:79,9
DA:80,9
DA:81,9
DA:82,9
DA:83,9
DA:84,9
DA:85,9
DA:86,9
DA:87,9
DA:88,9
DA:89,9
DA:90,9
DA:91,9
DA:92,1
LF:92
LH:92
BRDA:68,0,0,9
BRDA:80,1,0,0
BRDA:81,2,0,4
BRDA:81,3,0,5
BRDA:82,4,0,4
BRDA:82,5,0,5
BRDA:83,6,0,4
BRDA:83,7,0,5
BRDA:84,8,0,4
BRDA:84,9,0,5
BRDA:85,10,0,4
BRDA:85,11,0,5
BRDA:86,12,0,4
BRDA:86,13,0,5
BRDA:87,14,0,0
BRDA:88,15,0,4
BRDA:88,16,0,5
BRF:17
BRH:15
end_of_record
TN:
SF:src\domains\students.ts
FN:33,createStudent
FNF:1
FNH:1
FNDA:17,createStudent
DA:1,1
DA:2,1
DA:3,1
DA:4,1
DA:5,1
DA:6,1
DA:7,1
DA:8,1
DA:9,1
DA:10,1
DA:11,1
DA:12,1
DA:13,1
DA:14,1
DA:15,1
DA:16,1
DA:17,1
DA:18,1
DA:19,1
DA:20,1
DA:21,1
DA:22,1
DA:23,1
DA:24,1
DA:25,1
DA:26,1
DA:27,1
DA:28,1
DA:29,1
DA:30,1
DA:31,1
DA:32,1
DA:33,1
DA:34,17
DA:35,17
DA:36,17
DA:37,17
DA:38,17
DA:39,17
DA:40,17
DA:41,17
DA:42,1
LF:42
LH:42
BRDA:33,0,0,17
BRDA:35,1,0,0
BRDA:36,2,0,12
BRDA:36,3,0,5
BRDA:37,4,0,12
BRDA:37,5,0,5
BRDA:38,6,0,12
BRDA:38,7,0,5
BRF:8
BRH:7
end_of_record
TN:
SF:src\dto\lectureRequest.ts
FN:8,getOffset
FN:12,getLimit
FN:16,getCategory
FN:20,getSearchWord
FN:24,getSortCondition
FN:28,create
FNF:6
FNH:2
FNDA:0,getOffset
FNDA:0,getLimit
FNDA:1,getCategory
FNDA:0,getSearchWord
FNDA:0,getSortCondition
FNDA:1,create
DA:1,1
DA:2,1
DA:3,1
DA:4,1
DA:5,1
DA:6,1
DA:7,1
DA:8,1
DA:9,0
DA:10,0
DA:11,1
DA:12,1
DA:13,0
DA:14,0
DA:15,1
DA:16,1
DA:17,1
DA:18,1
DA:19,1
DA:20,1
DA:21,0
DA:22,0
DA:23,1
DA:24,1
DA:25,0
DA:26,0
DA:27,1
DA:28,1
DA:29,1
DA:30,1
DA:31,1
DA:32,1
DA:33,1
DA:34,1
DA:35,1
DA:36,1
DA:37,1
DA:38,1
DA:39,1
DA:40,1
DA:41,1
DA:42,1
DA:43,1
LF:43
LH:35
BRDA:16,0,0,1
BRDA:28,1,0,1
BRF:2
BRH:2
end_of_record
TN:
SF:src\services\lectureService.ts
FN:7,LectureService
FN:16,conditionSearch
FN:72,lectuerDetail
FN:105,checkIdName
FN:135,checkListIdName
FN:161,setLecture
FN:197,setLectures
FN:231,modifyLecture
FN:254,checkId
FN:280,openLecture
FN:300,deleteLecture
FNF:11
FNH:2
FNDA:2,LectureService
FNDA:1,conditionSearch
FNDA:0,lectuerDetail
FNDA:0,checkIdName
FNDA:0,checkListIdName
FNDA:0,setLecture
FNDA:0,setLectures
FNDA:0,modifyLecture
FNDA:0,checkId
FNDA:0,openLecture
FNDA:0,deleteLecture
DA:1,1
DA:2,1
DA:3,1
DA:4,1
DA:5,1
DA:6,1
DA:7,1
DA:8,2
DA:9,2
DA:10,1
DA:11,1
DA:12,1
DA:13,1
DA:14,1
DA:15,1
DA:16,1
DA:17,1
DA:18,1
DA:19,1
DA:20,1
DA:21,1
DA:22,1
DA:23,1
DA:24,1
DA:25,1
DA:26,1
DA:27,1
DA:28,1
DA:29,1
DA:30,1
DA:31,1
DA:32,1
DA:33,1
DA:34,1
DA:35,1
DA:36,1
DA:37,1
DA:38,1
DA:39,1
DA:40,1
DA:41,1
DA:42,1
DA:43,1
DA:44,1
DA:45,1
DA:46,1
DA:47,1
DA:48,1
DA:49,1
DA:50,1
DA:51,1
DA:52,1
DA:53,1
DA:54,1
DA:55,1
DA:56,1
DA:57,1
DA:58,1
DA:59,1
DA:60,1
DA:61,1
DA:62,1
DA:63,1
DA:64,1
DA:65,1
DA:66,1
DA:67,1
DA:68,1
DA:69,1
DA:70,1
DA:71,1
DA:72,1
DA:73,0
DA:74,0
DA:75,0
DA:76,0
DA:77,0
DA:78,0
DA:79,0
DA:80,0
DA:81,0
DA:82,0
DA:83,0
DA:84,0
DA:85,0
DA:86,0
DA:87,0
DA:88,0
DA:89,0
DA:90,0
DA:91,0
DA:92,0
DA:93,0
DA:94,0
DA:95,0
DA:96,0
DA:97,0
DA:98,0
DA:99,0
DA:100,1
DA:101,1
DA:102,1
DA:103,1
DA:104,1
DA:105,1
DA:106,0
DA:107,0
DA:108,0
DA:109,0
DA:110,0
DA:111,0
DA:112,0
DA:113,0
DA:114,0
DA:115,0
DA:116,0
DA:117,0
DA:118,0
DA:119,0
DA:120,0
DA:121,0
DA:122,0
DA:123,0
DA:124,0
DA:125,0
DA:126,0
DA:127,0
DA:128,0
DA:129,0
DA:130,1
DA:131,1
DA:132,1
DA:133,1
DA:134,1
DA:135,1
DA:136,0
DA:137,0
DA:138,0
DA:139,0
DA:140,0
DA:141,0
DA:142,0
DA:143,0
DA:144,0
DA:145,0
DA:146,0
DA:147,0
DA:148,0
DA:149,0
DA:150,0
DA:151,0
DA:152,0
DA:153,0
DA:154,0
DA:155,0
DA:156,1
DA:157,1
DA:158,1
DA:159,1
DA:160,1
DA:161,1
DA:162,0
DA:163,0
DA:164,0
DA:165,0
DA:166,0
DA:167,0
DA:168,0
DA:169,0
DA:170,0
DA:171,0
DA:172,0
DA:173,0
DA:174,0
DA:175,0
DA:176,0
DA:177,0
DA:178,0
DA:179,0
DA:180,0
DA:181,0
DA:182,0
DA:183,0
DA:184,0
DA:185,0
DA:186,0
DA:187,0
DA:188,0
DA:189,0
DA:190,0
DA:191,0
DA:192,1
DA:193,1
DA:194,1
DA:195,1
DA:196,1
DA:197,1
DA:198,0
DA:199,0
DA:200,0
DA:201,0
DA:202,0
DA:203,0
DA:204,0
DA:205,0
DA:206,0
DA:207,0
DA:208,0
DA:209,0
DA:210,0
DA:211,0
DA:212,0
DA:213,0
DA:214,0
DA:215,0
DA:216,0
DA:217,0
DA:218,0
DA:219,0
DA:220,0
DA:221,0
DA:222,0
DA:223,0
DA:224,0
DA:225,0
DA:226,1
DA:227,1
DA:228,1
DA:229,1
DA:230,1
DA:231,1
DA:232,0
DA:233,0
DA:234,0
DA:235,0
DA:236,0
DA:237,0
DA:238,0
DA:239,0
DA:240,0
DA:241,0
DA:242,0
DA:243,0
DA:244,0
DA:245,0
DA:246,0
DA:247,0
DA:248,0
DA:249,1
DA:250,1
DA:251,1
DA:252,1
DA:253,1
DA:254,1
DA:255,0
DA:256,0
DA:257,0
DA:258,0
DA:259,0
DA:260,0
DA:261,0
DA:262,0
DA:263,0
DA:264,0
DA:265,0
DA:266,0
DA:267,0
DA:268,0
DA:269,0
DA:270,0
DA:271,0
DA:272,0
DA:273,0
DA:274,0
DA:275,1
DA:276,1
DA:277,1
DA:278,1
DA:279,1
DA:280,1
DA:281,0
DA:282,0
DA:283,0
DA:284,0
DA:285,0
DA:286,0
DA:287,0
DA:288,0
DA:289,0
DA:290,0
DA:291,0
DA:292,0
DA:293,0
DA:294,0
DA:295,1
DA:296,1
DA:297,1
DA:298,1
DA:299,1
DA:300,1
DA:301,0
DA:302,0
DA:303,0
DA:304,0
DA:305,0
DA:306,0
DA:307,0
DA:308,0
DA:309,0
DA:310,0
DA:311,0
DA:312,0
DA:313,0
DA:314,1
LF:314
LH:121
BRDA:7,0,0,2
BRDA:16,1,0,1
BRF:2
BRH:2
end_of_record
TN:
SF:test\stubCourseDetailsRepository.ts
FN:5,StubCourseDetailsRepository
FN:9,saveByCourse
FN:13,findById
FNF:3
FNH:3
FNDA:10,StubCourseDetailsRepository
FNDA:1,saveByCourse
FNDA:2,findById
DA:1,1
DA:2,1
DA:3,1
DA:4,1
DA:5,1
DA:6,10
DA:7,10
DA:8,1
DA:9,1
DA:10,1
DA:11,1
DA:12,1
DA:13,1
DA:14,2
DA:15,1
DA:16,1
DA:17,1
DA:18,1
DA:19,2
DA:20,1
LF:20
LH:20
BRDA:5,0,0,10
BRDA:9,1,0,1
BRDA:13,2,0,2
BRDA:14,3,0,1
BRDA:14,4,0,1
BRF:5
BRH:5
end_of_record
TN:
SF:test\stubLecturesRepository.ts
FN:7,StubLecturesRepository
FN:11,findById
FN:23,findConditionSearch
FNF:3
FNH:3
FNDA:12,StubLecturesRepository
FNDA:5,findById
FNDA:1,findConditionSearch
DA:1,1
DA:2,1
DA:3,1
DA:4,1
DA:5,1
DA:6,1
DA:7,1
DA:8,12
DA:9,12
DA:10,1
DA:11,1
DA:12,5
DA:13,2
DA:14,5
DA:15,1
DA:16,3
DA:17,1
DA:18,1
DA:19,1
DA:20,1
DA:21,5
DA:22,1
DA:23,1
DA:24,1
DA:25,1
DA:26,1
DA:27,1
DA:28,1
DA:29,1
DA:30,1
DA:31,1
DA:32,1
DA:33,1
DA:34,1
DA:35,1
DA:36,1
DA:37,0
DA:38,0
DA:39,1
DA:40,1
DA:41,1
LF:41
LH:39
BRDA:7,0,0,12
BRDA:11,1,0,5
BRDA:12,2,0,2
BRDA:14,3,0,3
BRDA:14,4,0,1
BRDA:16,5,0,2
BRDA:16,6,0,1
BRDA:23,7,0,1
BRDA:36,8,0,0
BRF:9
BRH:8
end_of_record
TN:
SF:test\stubStudentsRepository.ts
FN:5,StubStudentsRepository
FN:9,saveByStudent
FN:13,findById
FN:21,findByEmail
FN:29,deleteById
FNF:5
FNH:5
FNDA:10,StubStudentsRepository
FNDA:1,saveByStudent
FNDA:5,findById
FNDA:4,findByEmail
FNDA:1,deleteById
DA:1,1
DA:2,1
DA:3,1
DA:4,1
DA:5,1
DA:6,10
DA:7,10
DA:8,1
DA:9,1
DA:10,1
DA:11,1
DA:12,1
DA:13,1
DA:14,5
DA:15,4
DA:16,5
DA:17,1
DA:18,1
DA:19,5
DA:20,1
DA:21,1
DA:22,4
DA:23,2
DA:24,2
DA:25,2
DA:26,2
DA:27,4
DA:28,1
DA:29,1
DA:30,1
DA:31,1
DA:32,1
LF:32
LH:32
BRDA:5,0,0,10
BRDA:9,1,0,1
BRDA:13,2,0,5
BRDA:14,3,0,4
BRDA:16,4,0,1
BRDA:21,5,0,4
BRDA:22,6,0,2
BRDA:29,7,0,1
BRF:8
BRH:8
end_of_record
